<?xml version="1.0" encoding="UTF-8"?>
<!-- Generated by org.testng.reporters.JUnitXMLReporter -->
<testsuite ignored="0" hostname="LAPTOP-69KE4GU1" failures="1" tests="2" name="Homepage" time="0.012" errors="0" timestamp="2024-05-12T10:59:03 IST">
  <testcase classname="TestScripts.com_Brevistay_Login_01" name="LoginApplication" time="0.002">
    <failure type="org.openqa.selenium.WebDriverException" message="java.lang.NullPointerException: Cannot invoke &amp;quot;org.openqa.selenium.SearchContext.findElement(org.openqa.selenium.By)&amp;quot; because &amp;quot;this.searchContext&amp;quot; is null
Build info: version: &amp;apos;4.20.0&amp;apos;, revision: &amp;apos;866c76ca80&amp;apos;
System info: os.name: &amp;apos;Windows 10&amp;apos;, os.arch: &amp;apos;amd64&amp;apos;, os.version: &amp;apos;10.0&amp;apos;, java.version: &amp;apos;16.0.1&amp;apos;
Driver info: driver.version: unknown">
      <![CDATA[org.openqa.selenium.WebDriverException: java.lang.NullPointerException: Cannot invoke "org.openqa.selenium.SearchContext.findElement(org.openqa.selenium.By)" because "this.searchContext" is null
Build info: version: '4.20.0', revision: '866c76ca80'
System info: os.name: 'Windows 10', os.arch: 'amd64', os.version: '10.0', java.version: '16.0.1'
Driver info: driver.version: unknown
at io.appium.java_client.pagefactory.AppiumElementLocator$WaitingFunction.apply(AppiumElementLocator.java:191)
at io.appium.java_client.pagefactory.AppiumElementLocator$WaitingFunction.apply(AppiumElementLocator.java:164)
at org.openqa.selenium.support.ui.FluentWait.until(FluentWait.java:203)
at io.appium.java_client.pagefactory.AppiumElementLocator.waitFor(AppiumElementLocator.java:98)
at io.appium.java_client.pagefactory.AppiumElementLocator.findElement(AppiumElementLocator.java:118)
at io.appium.java_client.pagefactory.interceptors.InterceptorOfASingleElement.call(InterceptorOfASingleElement.java:54)
at io.appium.java_client.proxy.Interceptor.intercept(Interceptor.java:75)
at org.openqa.selenium.remote.RemoteWebElement$ByteBuddy$czmiiSqI.click(Unknown Source)
at PageObjectModelApp.BervistayPOM.ClickgetStartedArrow(BervistayPOM.java:25)
at TestScripts.com_Brevistay_Login_01.LoginApplication(com_Brevistay_Login_01.java:16)
at java.base/java.util.ArrayList.forEach(ArrayList.java:1511)
Caused by: java.lang.NullPointerException: Cannot invoke "org.openqa.selenium.SearchContext.findElement(org.openqa.selenium.By)" because "this.searchContext" is null
at io.appium.java_client.pagefactory.AppiumElementLocator.lambda$findElement$0(AppiumElementLocator.java:119)
at io.appium.java_client.pagefactory.AppiumElementLocator$WaitingFunction.apply(AppiumElementLocator.java:171)
... 37 more
... Removed 27 stack frames]]>
    </failure>
  </testcase> <!-- LoginApplication -->
  <testcase classname="TestScripts.com_Brevistay_Home_01" name="AutomateHomeScreen" time="0.0">
    <skipped/>
  </testcase> <!-- AutomateHomeScreen -->
</testsuite> <!-- Homepage -->
