<?xml version="1.0" encoding="UTF-8"?>
<testng-results ignored="0" total="1" passed="1" failed="0" skipped="0">
  <reporter-output>
  </reporter-output>
  <suite started-at="2024-05-11T11:13:19 IST" name="Default suite" finished-at="2024-05-11T11:14:20 IST" duration-ms="61763">
    <groups>
    </groups>
    <test started-at="2024-05-11T11:13:19 IST" name="Default test" finished-at="2024-05-11T11:14:20 IST" duration-ms="61763">
      <class name="TestScripts.com_Brevistay_Login_01">
        <test-method is-config="true" signature="configureAppium()[pri:0, instance:TestScripts.com_Brevistay_Login_01@77847718]" started-at="2024-05-11T11:13:19 IST" name="configureAppium" finished-at="2024-05-11T11:13:33 IST" duration-ms="14479" status="PASS">
          <reporter-output>
          </reporter-output>
        </test-method> <!-- configureAppium -->
        <test-method signature="LoginApplication()[pri:0, instance:TestScripts.com_Brevistay_Login_01@77847718]" started-at="2024-05-11T11:13:33 IST" name="LoginApplication" finished-at="2024-05-11T11:14:20 IST" duration-ms="46623" status="PASS">
          <reporter-output>
          </reporter-output>
        </test-method> <!-- LoginApplication -->
        <test-method is-config="true" signature="tearDown()[pri:0, instance:TestScripts.com_Brevistay_Login_01@77847718]" started-at="2024-05-11T11:14:20 IST" name="tearDown" finished-at="2024-05-11T11:14:20 IST" duration-ms="568" status="PASS">
          <reporter-output>
          </reporter-output>
        </test-method> <!-- tearDown -->
      </class> <!-- TestScripts.com_Brevistay_Login_01 -->
    </test> <!-- Default test -->
  </suite> <!-- Default suite -->
</testng-results>
